<?xml version="1.0" encoding="UTF-8"?>
<!-- Generated by org.testng.reporters.JUnitXMLReporter -->
<testsuite ignored="2" hostname="MSDT081" failures="0" tests="4" name="Test" time="10.951" errors="0" timestamp="2022-02-03T16:29:11 IST">
  <testcase classname="Pages.Login_Page" name="Forgepass" time="2.697"/>
  <testcase classname="Pages.Login_Page" name="Login" time="6.874"/>
  <testcase classname="Pages.Home_Page" name="Page" time="0.035"/>
  <testcase classname="Pages.Home_Page" name="Logout" time="1.293"/>
  <testcase classname="Setup.Launch_Browser" name="@AfterSuite close" time="0.0">
    <ignored/>
  </testcase> <!-- @AfterSuite close -->
  <testcase classname="Setup.Launch_Browser" name="@BeforeSuite Browser" time="0.0">
    <ignored/>
  </testcase> <!-- @BeforeSuite Browser -->
</testsuite> <!-- Test -->
