<?xml version="1.0" encoding="UTF-8"?>
<testng-results ignored="2" total="6" passed="4" failed="0" skipped="0">
  <reporter-output>
  </reporter-output>
  <suite started-at="2022-02-03T16:29:00 IST" name="Suite" finished-at="2022-02-03T16:29:11 IST" duration-ms="10951">
    <groups>
    </groups>
    <test started-at="2022-02-03T16:29:00 IST" name="Test" finished-at="2022-02-03T16:29:11 IST" duration-ms="10951">
      <class name="Pages.Login_Page">
        <test-method is-config="true" signature="Browser()[pri:0, instance:Pages.Login_Page@13e39c73]" started-at="2022-02-03T16:28:46 IST" name="Browser" finished-at="2022-02-03T16:29:00 IST" duration-ms="14113" status="PASS">
          <reporter-output>
          </reporter-output>
        </test-method> <!-- Browser -->
        <test-method signature="Forgepass()[pri:0, instance:Pages.Login_Page@13e39c73]" started-at="2022-02-03T16:29:00 IST" name="Forgepass" finished-at="2022-02-03T16:29:03 IST" duration-ms="2697" status="PASS">
          <reporter-output>
          </reporter-output>
        </test-method> <!-- Forgepass -->
        <test-method signature="Login()[pri:0, instance:Pages.Login_Page@13e39c73]" started-at="2022-02-03T16:29:03 IST" name="Login" finished-at="2022-02-03T16:29:09 IST" duration-ms="6874" status="PASS">
          <reporter-output>
          </reporter-output>
        </test-method> <!-- Login -->
        <test-method is-config="true" signature="close()[pri:0, instance:Pages.Login_Page@13e39c73]" started-at="2022-02-03T16:29:11 IST" name="close" finished-at="2022-02-03T16:29:11 IST" duration-ms="288" status="PASS">
          <reporter-output>
          </reporter-output>
        </test-method> <!-- close -->
      </class> <!-- Pages.Login_Page -->
      <class name="Pages.Home_Page">
        <test-method signature="Page()[pri:0, instance:Pages.Home_Page@64cd705f]" started-at="2022-02-03T16:29:09 IST" name="Page" finished-at="2022-02-03T16:29:09 IST" duration-ms="35" status="PASS">
          <reporter-output>
          </reporter-output>
        </test-method> <!-- Page -->
        <test-method signature="Logout()[pri:0, instance:Pages.Home_Page@64cd705f]" started-at="2022-02-03T16:29:09 IST" name="Logout" finished-at="2022-02-03T16:29:11 IST" duration-ms="1293" status="PASS">
          <reporter-output>
          </reporter-output>
        </test-method> <!-- Logout -->
      </class> <!-- Pages.Home_Page -->
    </test> <!-- Test -->
  </suite> <!-- Suite -->
</testng-results>
